This file contains any messages produced by compilers while
running configure, to aid debugging if configure makes a mistake.

It was created by Zippy configure 2.0, which was
generated by GNU Autoconf 2.71.  Invocation command line was

  $ ./configure

## --------- ##
## Platform. ##
## --------- ##

hostname = 8core
uname -m = x86_64
uname -r = 5.15.0-118-generic
uname -s = Linux
uname -v = #128-Ubuntu SMP Fri Jul 5 09:28:59 UTC 2024

/usr/bin/uname -p = x86_64
/bin/uname -X     = unknown

/bin/arch              = x86_64
/usr/bin/arch -k       = unknown
/usr/convex/getsysinfo = unknown
/usr/bin/hostinfo      = unknown
/bin/machine           = unknown
/usr/bin/oslevel       = unknown
/bin/universe          = unknown

PATH: /usr/local/sbin/
PATH: /usr/local/bin/
PATH: /usr/sbin/
PATH: /usr/bin/
PATH: /sbin/
PATH: /bin/
PATH: /usr/games/
PATH: /usr/local/games/
PATH: /snap/bin/
PATH: ./


## ----------- ##
## Core tests. ##
## ----------- ##

configure:2461: checking for gcc
configure:2482: found /usr/bin/gcc
configure:2493: result: gcc
configure:2524: checking for C compiler version
configure:2533: gcc --version >&5
gcc (Ubuntu 11.4.0-1ubuntu1~22.04) 11.4.0
Copyright (C) 2021 Free Software Foundation, Inc.
This is free software; see the source for copying conditions.  There is NO
warranty; not even for MERCHANTABILITY or FITNESS FOR A PARTICULAR PURPOSE.

configure:2544: $? = 0
configure:2533: gcc -v >&5
Using built-in specs.
COLLECT_GCC=gcc
COLLECT_LTO_WRAPPER=/usr/lib/gcc/x86_64-linux-gnu/11/lto-wrapper
OFFLOAD_TARGET_NAMES=nvptx-none:amdgcn-amdhsa
OFFLOAD_TARGET_DEFAULT=1
Target: x86_64-linux-gnu
Configured with: ../src/configure -v --with-pkgversion='Ubuntu 11.4.0-1ubuntu1~22.04' --with-bugurl=file:///usr/share/doc/gcc-11/README.Bugs --enable-languages=c,ada,c++,go,brig,d,fortran,objc,obj-c++,m2 --prefix=/usr --with-gcc-major-version-only --program-suffix=-11 --program-prefix=x86_64-linux-gnu- --enable-shared --enable-linker-build-id --libexecdir=/usr/lib --without-included-gettext --enable-threads=posix --libdir=/usr/lib --enable-nls --enable-bootstrap --enable-clocale=gnu --enable-libstdcxx-debug --enable-libstdcxx-time=yes --with-default-libstdcxx-abi=new --enable-gnu-unique-object --disable-vtable-verify --enable-plugin --enable-default-pie --with-system-zlib --enable-libphobos-checking=release --with-target-system-zlib=auto --enable-objc-gc=auto --enable-multiarch --disable-werror --enable-cet --with-arch-32=i686 --with-abi=m64 --with-multilib-list=m32,m64,mx32 --enable-multilib --with-tune=generic --enable-offload-targets=nvptx-none=/build/gcc-11-XeT9lY/gcc-11-11.4.0/debian/tmp-nvptx/usr,amdgcn-amdhsa=/build/gcc-11-XeT9lY/gcc-11-11.4.0/debian/tmp-gcn/usr --without-cuda-driver --enable-checking=release --build=x86_64-linux-gnu --host=x86_64-linux-gnu --target=x86_64-linux-gnu --with-build-config=bootstrap-lto-lean --enable-link-serialization=2
Thread model: posix
Supported LTO compression algorithms: zlib zstd
gcc version 11.4.0 (Ubuntu 11.4.0-1ubuntu1~22.04) 
... rest of stderr output deleted ...
configure:2544: $? = 0
configure:2533: gcc -V >&5
gcc: error: unrecognized command-line option '-V'
gcc: fatal error: no input files
compilation terminated.
configure:2544: $? = 1
configure:2533: gcc -qversion >&5
gcc: error: unrecognized command-line option '-qversion'; did you mean '--version'?
gcc: fatal error: no input files
compilation terminated.
configure:2544: $? = 1
configure:2533: gcc -version >&5
gcc: error: unrecognized command-line option '-version'
gcc: fatal error: no input files
compilation terminated.
configure:2544: $? = 1
configure:2564: checking whether the C compiler works
configure:2586: gcc    conftest.c  >&5
configure:2590: $? = 0
configure:2640: result: yes
configure:2643: checking for C compiler default output file name
configure:2645: result: a.out
configure:2651: checking for suffix of executables
configure:2658: gcc -o conftest    conftest.c  >&5
configure:2662: $? = 0
configure:2685: result: 
configure:2707: checking whether we are cross compiling
configure:2715: gcc -o conftest    conftest.c  >&5
configure:2719: $? = 0
configure:2726: ./conftest
configure:2730: $? = 0
configure:2745: result: no
configure:2750: checking for suffix of object files
configure:2773: gcc -c   conftest.c >&5
configure:2777: $? = 0
configure:2799: result: o
configure:2803: checking whether the compiler supports GNU C
configure:2823: gcc -c   conftest.c >&5
configure:2823: $? = 0
configure:2833: result: yes
configure:2844: checking whether gcc accepts -g
configure:2865: gcc -c -g  conftest.c >&5
configure:2865: $? = 0
configure:2909: result: yes
configure:2929: checking for gcc option to enable C11 features
configure:2944: gcc  -c -g -O2  conftest.c >&5
configure:2944: $? = 0
configure:2962: result: none needed
configure:3085: checking for stdio.h
configure:3085: gcc -c -g -O2  conftest.c >&5
configure:3085: $? = 0
configure:3085: result: yes
configure:3085: checking for stdlib.h
configure:3085: gcc -c -g -O2  conftest.c >&5
configure:3085: $? = 0
configure:3085: result: yes
configure:3085: checking for string.h
configure:3085: gcc -c -g -O2  conftest.c >&5
configure:3085: $? = 0
configure:3085: result: yes
configure:3085: checking for inttypes.h
configure:3085: gcc -c -g -O2  conftest.c >&5
configure:3085: $? = 0
configure:3085: result: yes
configure:3085: checking for stdint.h
configure:3085: gcc -c -g -O2  conftest.c >&5
configure:3085: $? = 0
configure:3085: result: yes
configure:3085: checking for strings.h
configure:3085: gcc -c -g -O2  conftest.c >&5
configure:3085: $? = 0
configure:3085: result: yes
configure:3085: checking for sys/stat.h
configure:3085: gcc -c -g -O2  conftest.c >&5
configure:3085: $? = 0
configure:3085: result: yes
configure:3085: checking for sys/types.h
configure:3085: gcc -c -g -O2  conftest.c >&5
configure:3085: $? = 0
configure:3085: result: yes
configure:3085: checking for unistd.h
configure:3085: gcc -c -g -O2  conftest.c >&5
configure:3085: $? = 0
configure:3085: result: yes
configure:3110: checking for readline/readline.h
configure:3110: gcc -c -g -O2  conftest.c >&5
configure:3110: $? = 0
configure:3110: result: yes
configure:3120: checking for unistd.h
configure:3120: result: yes
configure:3136: checking for libvlc_media_player_stop_async in -lvlc
configure:3159: gcc -o conftest -g -O2   conftest.c -lvlc   >&5
conftest.c:18: warning: "HAVE_UNISTD_H" redefined
   18 | #define HAVE_UNISTD_H YES
      | 
conftest.c:16: note: this is the location of the previous definition
   16 | #define HAVE_UNISTD_H 1
      | 
/usr/bin/ld: /tmp/ccQydkcV.o: in function `main':
/home/okane/Desktop/Zippy/conftest.c:29: undefined reference to `libvlc_media_player_stop_async'
collect2: error: ld returned 1 exit status
configure:3159: $? = 1
configure: failed program was:
| /* confdefs.h */
| #define PACKAGE_NAME "Zippy"
| #define PACKAGE_TARNAME "zippy"
| #define PACKAGE_VERSION "2.0"
| #define PACKAGE_STRING "Zippy 2.0"
| #define PACKAGE_BUGREPORT "okane@uni.edu"
| #define PACKAGE_URL ""
| #define HAVE_STDIO_H 1
| #define HAVE_STDLIB_H 1
| #define HAVE_STRING_H 1
| #define HAVE_INTTYPES_H 1
| #define HAVE_STDINT_H 1
| #define HAVE_STRINGS_H 1
| #define HAVE_SYS_STAT_H 1
| #define HAVE_SYS_TYPES_H 1
| #define HAVE_UNISTD_H 1
| #define STDC_HEADERS 1
| #define HAVE_UNISTD_H YES
| #define HAVE_UNISTD_H YES
| /* end confdefs.h.  */
| 
| /* Override any GCC internal prototype to avoid an error.
|    Use char because int might match the return type of a GCC
|    builtin and then its argument prototype would still apply.  */
| char libvlc_media_player_stop_async ();
| int
| main (void)
| {
| return libvlc_media_player_stop_async ();
|   ;
|   return 0;
| }
configure:3169: result: no
configure:3505: creating ./config.status

## ---------------------- ##
## Running config.status. ##
## ---------------------- ##

This file was extended by Zippy config.status 2.0, which was
generated by GNU Autoconf 2.71.  Invocation command line was

  CONFIG_FILES    = 
  CONFIG_HEADERS  = 
  CONFIG_LINKS    = 
  CONFIG_COMMANDS = 
  $ ./config.status 

on 8core

config.status:901: creating Zippy.c
config.status:901: creating Makefile
config.status:901: creating sgv-code/common/common-compiled-code.c
config.status:901: creating sgv-code/common/common-externs.h
config.status:901: creating sgv-code/common/common-fcn-headers.h
config.status:901: creating sgv-code/common/common-objects.h
config.status:901: creating sgv-code/common/common-widgets.h
config.status:901: creating sgv-code/common/defines.h
config.status:901: creating sgv-code/common/probe-buttons.c
config.status:901: creating sgv-code/common/draw2-draw.c
config.status:901: creating sgv-code/common/edit-panel-scroll.c
config.status:901: creating sgv-code/common/join-clips.c
config.status:901: creating sgv-code/common/file-stat.c
config.status:901: creating sgv-code/common/file-type.c
config.status:901: creating sgv-code/common/gdkkeysyms.h
config.status:901: creating sgv-code/common/gettime.c
config.status:901: creating sgv-code/common/global-vars.h
config.status:901: creating sgv-code/common/includes.h
config.status:901: creating sgv-code/common/load-program.c
config.status:901: creating sgv-code/common/main-timer.c
config.status:901: creating sgv-code/common/media-playback.c
config.status:901: creating sgv-code/common/media-probe.c
config.status:901: creating sgv-code/common/memory-alloc.c
config.status:901: creating sgv-code/common/on-draw4-draw.c
config.status:901: creating sgv-code/common/play-buttons.c
config.status:901: creating sgv-code/common/play-check-box.c
config.status:901: creating sgv-code/common/playclip.c
config.status:901: creating sgv-code/common/program-buttons.c
config.status:901: creating sgv-code/common/rearrange-program.c
config.status:901: creating sgv-code/common/sort.c
config.status:901: creating sgv-code/common/rotators.c
config.status:901: creating sgv-code/common/structures.h
config.status:901: creating sgv-code/common/up-down-buttons.c
config.status:901: creating sgv-code/common/vlc-interface.c
config.status:901: creating sgv-code/common/playback-scrollbar.c
config.status:901: creating sgv-code/common/clip-settings.c
config.status:901: creating sgv-code/common/hot-keys.c
config.status:901: creating sgv-code/common/frame-mode.c
config.status:901: creating sgv-code/common/playback-speed.c
config.status:901: creating sgv-code/common/make-clip.c
config.status:901: creating sgv-code/common/trim-clip.c
config.status:901: creating sgv-code/common/tiled-clips.c
config.status:901: creating sgv-code/common/loop-stream.c
config.status:901: creating sgv-code/common/cut-paste-drag.c
config.status:901: creating sgv-code/common/window-main-fcns.c
config.status:901: creating sgv-code/common/crop-control.c
config.status:901: creating sgv-code/common/audio.c
config.status:901: creating sgv-code/common/query-tooltip.c
config.status:901: creating sgv-code/common/edge-detect.c
config.status:901: creating sgv-code/common/negative.c
config.status:901: creating sgv-code/common/file-choose.c
config.status:901: creating sgv-code/common/dir-choose.c
config.status:901: creating sgv-code/common/file-rename-dialog.c
config.status:901: creating sgv-code/common/insert-text-dialog.c
config.status:901: creating sgv-code/common/delete-dialog.c
config.status:901: creating sgv-code/common/geo-test.c
config.status:901: creating sgv-code/common/adjust-video.c
config.status:901: creating sgv-code/common/sharpen.c
config.status:901: creating sgv-code/common/monochrome.c
config.status:901: creating sgv-code/common/vid-fmt-std.c
config.status:901: creating sgv-code/common/clip-speed.c
config.status:901: creating sgv-code/common/clip-from-still.c
config.status:901: creating sgv-code/common/file-probe.c
config.status:901: creating sgv-code/common/ff-run.c
config.status:901: creating sgv-code/common/gtk-code.c
config.status:901: creating sgv-code/common/pulse.c
config.status:901: creating sgv-code/common/preview-run.c
config.status:901: creating sgv-code/common/vumeter.c
config.status:901: creating sgv-code/common/audio-filters.c
config.status:901: creating sgv-code/common/functions.h
config.status:901: creating sgv-code/common/global-extern-variables.h
config.status:901: creating sgv-code/common/sink.h
config.status:901: creating sgv-code/common/zippy-says.c
config.status:901: creating sgv-code/common/overlay.c
config.status:901: creating sgv-code/common/video-adj-panel.c
config.status:901: creating sgv-code/common/settings-dlg.c
config.status:901: creating sgv-code/common/reverse.c
config.status:901: creating sgv-code/common/stills.c
config.status:901: creating sgv-code/common/halt-program.c
config.status:901: creating sgv-code/common/ffmpeg-filter.c
config.status:901: creating sgv-code/common/duplicate.c
config.status:901: creating sgv-code/common/convert-mkv.c
config.status:901: creating sgv-code/common/convert-mov.c
config.status:901: creating sgv-code/common/convert-mp4.c
config.status:901: creating sgv-code/common/convert-gif.c
config.status:901: creating sgv-code/common/convert-webm.c
config.status:901: creating sgv-code/common/mhd-ref.c
config.status:901: creating sgv-code/common/save-program.c
config.status:901: creating sgv-code/common/new-name.c
config.status:901: creating sgv-code/common/scale-videos.c
config.status:901: creating sgv-code/ScreenEncoder/encoder.c
config.status:901: creating include/zippy/config.h
config.status:1071: include/zippy/config.h is unchanged

## ---------------- ##
## Cache variables. ##
## ---------------- ##

ac_cv_c_compiler_gnu=yes
ac_cv_env_CC_set=
ac_cv_env_CC_value=
ac_cv_env_CFLAGS_set=
ac_cv_env_CFLAGS_value=
ac_cv_env_CPPFLAGS_set=
ac_cv_env_CPPFLAGS_value=
ac_cv_env_LDFLAGS_set=
ac_cv_env_LDFLAGS_value=
ac_cv_env_LIBS_set=
ac_cv_env_LIBS_value=
ac_cv_env_build_alias_set=
ac_cv_env_build_alias_value=
ac_cv_env_host_alias_set=
ac_cv_env_host_alias_value=
ac_cv_env_target_alias_set=
ac_cv_env_target_alias_value=
ac_cv_header_inttypes_h=yes
ac_cv_header_readline_readline_h=yes
ac_cv_header_stdint_h=yes
ac_cv_header_stdio_h=yes
ac_cv_header_stdlib_h=yes
ac_cv_header_string_h=yes
ac_cv_header_strings_h=yes
ac_cv_header_sys_stat_h=yes
ac_cv_header_sys_types_h=yes
ac_cv_header_unistd_h=yes
ac_cv_lib_vlc_libvlc_media_player_stop_async=no
ac_cv_objext=o
ac_cv_prog_ac_ct_CC=gcc
ac_cv_prog_cc_c11=
ac_cv_prog_cc_g=yes
ac_cv_prog_cc_stdc=

## ----------------- ##
## Output variables. ##
## ----------------- ##

AUD='44100'
CC='gcc'
CFLAGS='-g -O2'
CPPFLAGS=''
DEFS='-DHAVE_CONFIG_H'
ECHO_C=''
ECHO_N='-n'
ECHO_T=''
EXEEXT=''
FMT='mp4'
FPS='25'
LDFLAGS=''
LIBOBJS=''
LIBS=''
LOSS=' -c:a libopus -b:a 128k -c:v libx264 -preset veryslow -crf 20 '
LTLIBOBJS=''
OBJEXT='o'
PACKAGE_BUGREPORT='okane@uni.edu'
PACKAGE_NAME='Zippy'
PACKAGE_STRING='Zippy 2.0'
PACKAGE_TARNAME='zippy'
PACKAGE_URL=''
PACKAGE_VERSION='2.0'
PATH_SEPARATOR=':'
SHELL='/bin/bash'
ac_ct_CC='gcc'
atk_pkg='`pkg-config --cflags --libs atk`'
avformat_include='x86_64-linux-gnu/'
bindir='${exec_prefix}/bin'
build_alias=''
cairo_pkg='`pkg-config --cflags --libs cairo`'
config_date='Sun Aug 11 14:29:13 EDT 2024'
datadir='${datarootdir}'
datarootdir='${prefix}/share'
docdir='${datarootdir}/doc/${PACKAGE_TARNAME}'
dvidir='${docdir}'
exec_prefix='${prefix}'
fedora_avformat=''
gdkpixbuf_pkg='`pkg-config --cflags --libs gdk-pixbuf-2.0`'
glib_lib_pkg='`pkg-config --cflags --libs glibmm-2.4 giomm-2.4`'
gtk_pkg='`pkg-config --cflags --libs gtk+-3.0`'
gtkmm_link=''
gtkmm_pkg='`pkg-config --cflags --libs gtkmm-3.0`'
host_alias=''
htmldir='${docdir}'
includedir='${prefix}/include'
infodir='${datarootdir}/info'
libdir='${exec_prefix}/lib'
libexecdir='${exec_prefix}/libexec'
localedir='${datarootdir}/locale'
localstatedir='${prefix}/var'
mandir='${datarootdir}/man'
mathLink=''
oldincludedir='/usr/include'
pango_pkg='`pkg-config --cflags --libs pango`'
pdfdir='${docdir}'
prefix='/home/okane/Zippy'
program_transform_name='s,x,x,'
psdir='${docdir}'
runstatedir='${localstatedir}/run'
sbindir='${exec_prefix}/sbin'
sharedstatedir='${prefix}/com'
sysconfdir='${prefix}/etc'
system='#define DEBIAN'
target_alias=''
terminal='gnome-terminal --title \"Zippy ffmpeg Progress Window\" --geometry=120x10+450+200 --hide-menubar --name=zippyTerm --wait -- '
terminalX='gnome-terminal --title \"Zippy ffmpeg Progress Window\" --geometry=120x10+150+70 --hide-menubar --name=zippyTerm -- '
vlc4='0'
wsl2='0'

## ----------- ##
## confdefs.h. ##
## ----------- ##

/* confdefs.h */
#define PACKAGE_NAME "Zippy"
#define PACKAGE_TARNAME "zippy"
#define PACKAGE_VERSION "2.0"
#define PACKAGE_STRING "Zippy 2.0"
#define PACKAGE_BUGREPORT "okane@uni.edu"
#define PACKAGE_URL ""
#define HAVE_STDIO_H 1
#define HAVE_STDLIB_H 1
#define HAVE_STRING_H 1
#define HAVE_INTTYPES_H 1
#define HAVE_STDINT_H 1
#define HAVE_STRINGS_H 1
#define HAVE_SYS_STAT_H 1
#define HAVE_SYS_TYPES_H 1
#define HAVE_UNISTD_H 1
#define STDC_HEADERS 1
#define HAVE_UNISTD_H YES
#define HAVE_UNISTD_H YES

configure: exit 0
